<?xml version="1.0" encoding="UTF-8"?>
<!-- Generated by org.testng.reporters.JUnitReportReporter -->
<testsuite hostname="LAPTOP-B9J952BN" failures="0" tests="2" name="BudsBeyondTestClasses.ValidateRelatedSearchesForBudsBeyond" time="68.055" errors="1" timestamp="2024-02-27T17:30:18 IST" skipped="1">
  <testcase classname="BudsBeyondTestClasses.ValidateRelatedSearchesForBudsBeyond" name="launchingUrl" time="68.055">
    <error message="Unresolved compilation problems: 
	Syntax error, insert &quot;enum Identifier&quot; to complete EnumHeaderName
	Syntax error, insert &quot;EnumBody&quot; to complete BlockStatement
	Syntax error, insert &quot;;&quot; to complete Statement
" type="java.lang.Error">
      <![CDATA[java.lang.Error: Unresolved compilation problems: 
Syntax error, insert "enum Identifier" to complete EnumHeaderName
Syntax error, insert "EnumBody" to complete BlockStatement
Syntax error, insert ";" to complete Statement

at utilityPackage.Util.readDataFromPropertyFile(Util.java:24)
at BaseClass.Baseclass.launchBudsBeyondURL(Baseclass.java:19)
at BudsBeyondTestClasses.ValidateRelatedSearchesForBudsBeyond.launchingUrl(ValidateRelatedSearchesForBudsBeyond.java:25)
at java.base/jdk.internal.reflect.DirectMethodHandleAccessor.invoke(DirectMethodHandleAccessor.java:104)
at java.base/java.lang.reflect.Method.invoke(Method.java:577)
at org.testng.internal.invokers.MethodInvocationHelper.invokeMethod(MethodInvocationHelper.java:139)
at org.testng.internal.invokers.MethodInvocationHelper.invokeMethodConsideringTimeout(MethodInvocationHelper.java:69)
at org.testng.internal.invokers.ConfigInvoker.invokeConfigurationMethod(ConfigInvoker.java:361)
at org.testng.internal.invokers.ConfigInvoker.invokeConfigurations(ConfigInvoker.java:296)
at org.testng.internal.invokers.TestMethodWorker.invokeBeforeClassMethods(TestMethodWorker.java:180)
at org.testng.internal.invokers.TestMethodWorker.run(TestMethodWorker.java:122)
at java.base/java.util.ArrayList.forEach(ArrayList.java:1511)
at org.testng.TestRunner.privateRun(TestRunner.java:829)
at org.testng.TestRunner.run(TestRunner.java:602)
at org.testng.SuiteRunner.runTest(SuiteRunner.java:437)
at org.testng.SuiteRunner.runSequentially(SuiteRunner.java:431)
at org.testng.SuiteRunner.privateRun(SuiteRunner.java:391)
at org.testng.SuiteRunner.run(SuiteRunner.java:330)
at org.testng.SuiteRunnerWorker.runSuite(SuiteRunnerWorker.java:52)
at org.testng.SuiteRunnerWorker.run(SuiteRunnerWorker.java:95)
at org.testng.TestNG.runSuitesSequentially(TestNG.java:1256)
at org.testng.TestNG.runSuitesLocally(TestNG.java:1176)
at org.testng.TestNG.runSuites(TestNG.java:1099)
at org.testng.TestNG.run(TestNG.java:1067)
at org.testng.remote.AbstractRemoteTestNG.run(AbstractRemoteTestNG.java:115)
at org.testng.remote.RemoteTestNG.initAndRun(RemoteTestNG.java:251)
at org.testng.remote.RemoteTestNG.main(RemoteTestNG.java:77)
]]>
    </error>
  </testcase> <!-- launchingUrl -->
  <system-out/>
  <testcase classname="BudsBeyondTestClasses.ValidateRelatedSearchesForBudsBeyond" name="ValidateRelatedSesarches" time="0.000">
    <skipped/>
  </testcase> <!-- ValidateRelatedSesarches -->
  <system-out/>
</testsuite> <!-- BudsBeyondTestClasses.ValidateRelatedSearchesForBudsBeyond -->
